0 info it worked if it ends with ok
1 verbose cli [ '/home/gefeo/local/bin/node',
1 verbose cli   '/home/gefeo/local/bin/npm',
1 verbose cli   'install',
1 verbose cli   'app-serv',
1 verbose cli   'ldap-auth',
1 verbose cli   'ng-simple-webrtc',
1 verbose cli   'sql-serv' ]
2 info using npm@3.10.3
3 info using node@v6.6.0
4 silly loadCurrentTree Starting
5 silly install loadCurrentTree
6 silly install readLocalPackageData
7 silly fetchPackageMetaData app-serv
8 silly fetchPackageMetaData ldap-auth
9 silly fetchPackageMetaData ng-simple-webrtc
10 silly fetchPackageMetaData sql-serv
11 silly fetchNamedPackageData app-serv
12 silly mapToRegistry name app-serv
13 silly mapToRegistry using default registry
14 silly mapToRegistry registry https://registry.npmjs.org/
15 silly mapToRegistry data Result {
15 silly mapToRegistry   raw: 'app-serv',
15 silly mapToRegistry   scope: null,
15 silly mapToRegistry   escapedName: 'app-serv',
15 silly mapToRegistry   name: 'app-serv',
15 silly mapToRegistry   rawSpec: '',
15 silly mapToRegistry   spec: 'latest',
15 silly mapToRegistry   type: 'tag' }
16 silly mapToRegistry uri https://registry.npmjs.org/app-serv
17 silly fetchNamedPackageData ldap-auth
18 silly mapToRegistry name ldap-auth
19 silly mapToRegistry using default registry
20 silly mapToRegistry registry https://registry.npmjs.org/
21 silly mapToRegistry data Result {
21 silly mapToRegistry   raw: 'ldap-auth',
21 silly mapToRegistry   scope: null,
21 silly mapToRegistry   escapedName: 'ldap-auth',
21 silly mapToRegistry   name: 'ldap-auth',
21 silly mapToRegistry   rawSpec: '',
21 silly mapToRegistry   spec: 'latest',
21 silly mapToRegistry   type: 'tag' }
22 silly mapToRegistry uri https://registry.npmjs.org/ldap-auth
23 silly fetchNamedPackageData ng-simple-webrtc
24 silly mapToRegistry name ng-simple-webrtc
25 silly mapToRegistry using default registry
26 silly mapToRegistry registry https://registry.npmjs.org/
27 silly mapToRegistry data Result {
27 silly mapToRegistry   raw: 'ng-simple-webrtc',
27 silly mapToRegistry   scope: null,
27 silly mapToRegistry   escapedName: 'ng-simple-webrtc',
27 silly mapToRegistry   name: 'ng-simple-webrtc',
27 silly mapToRegistry   rawSpec: '',
27 silly mapToRegistry   spec: 'latest',
27 silly mapToRegistry   type: 'tag' }
28 silly mapToRegistry uri https://registry.npmjs.org/ng-simple-webrtc
29 silly fetchNamedPackageData sql-serv
30 silly mapToRegistry name sql-serv
31 silly mapToRegistry using default registry
32 silly mapToRegistry registry https://registry.npmjs.org/
33 silly mapToRegistry data Result {
33 silly mapToRegistry   raw: 'sql-serv',
33 silly mapToRegistry   scope: null,
33 silly mapToRegistry   escapedName: 'sql-serv',
33 silly mapToRegistry   name: 'sql-serv',
33 silly mapToRegistry   rawSpec: '',
33 silly mapToRegistry   spec: 'latest',
33 silly mapToRegistry   type: 'tag' }
34 silly mapToRegistry uri https://registry.npmjs.org/sql-serv
35 verbose request uri https://registry.npmjs.org/app-serv
36 verbose request no auth needed
37 info attempt registry request try #1 at 01:09:52
38 verbose request id b0099c25a2ec2a98
39 http request GET https://registry.npmjs.org/app-serv
40 verbose request uri https://registry.npmjs.org/ldap-auth
41 verbose request no auth needed
42 info attempt registry request try #1 at 01:09:52
43 http request GET https://registry.npmjs.org/ldap-auth
44 verbose request uri https://registry.npmjs.org/ng-simple-webrtc
45 verbose request no auth needed
46 info attempt registry request try #1 at 01:09:52
47 http request GET https://registry.npmjs.org/ng-simple-webrtc
48 verbose request uri https://registry.npmjs.org/sql-serv
49 verbose request no auth needed
50 info attempt registry request try #1 at 01:09:52
51 http request GET https://registry.npmjs.org/sql-serv
52 http 200 https://registry.npmjs.org/ng-simple-webrtc
53 verbose headers { server: 'CouchDB/1.6.1 (Erlang OTP/R16B03)',
53 verbose headers   etag: '"EZRLQKKQZ4BJ3Q3PQ1TAAKD36"',
53 verbose headers   'content-type': 'application/json',
53 verbose headers   'content-encoding': 'gzip',
53 verbose headers   'cache-control': 'max-age=300',
53 verbose headers   'content-length': '7779',
53 verbose headers   'accept-ranges': 'bytes',
53 verbose headers   date: 'Fri, 30 Sep 2016 23:09:52 GMT',
53 verbose headers   via: '1.1 varnish',
53 verbose headers   age: '0',
53 verbose headers   connection: 'keep-alive',
53 verbose headers   'x-served-by': 'cache-lcy1125-LCY',
53 verbose headers   'x-cache': 'MISS',
53 verbose headers   'x-cache-hits': '0',
53 verbose headers   'x-timer': 'S1475276992.868585,VS0,VE105',
53 verbose headers   vary: 'Accept-Encoding' }
54 silly get cb [ 200,
54 silly get   { server: 'CouchDB/1.6.1 (Erlang OTP/R16B03)',
54 silly get     etag: '"EZRLQKKQZ4BJ3Q3PQ1TAAKD36"',
54 silly get     'content-type': 'application/json',
54 silly get     'content-encoding': 'gzip',
54 silly get     'cache-control': 'max-age=300',
54 silly get     'content-length': '7779',
54 silly get     'accept-ranges': 'bytes',
54 silly get     date: 'Fri, 30 Sep 2016 23:09:52 GMT',
54 silly get     via: '1.1 varnish',
54 silly get     age: '0',
54 silly get     connection: 'keep-alive',
54 silly get     'x-served-by': 'cache-lcy1125-LCY',
54 silly get     'x-cache': 'MISS',
54 silly get     'x-cache-hits': '0',
54 silly get     'x-timer': 'S1475276992.868585,VS0,VE105',
54 silly get     vary: 'Accept-Encoding' } ]
55 verbose get saving ng-simple-webrtc to /home/gefeo/.npm/registry.npmjs.org/ng-simple-webrtc/.cache.json
56 verbose correctMkdir /home/gefeo/.npm correctMkdir not in flight; initializing
57 http 404 https://registry.npmjs.org/ldap-auth
58 verbose headers { 'content-type': 'application/json',
58 verbose headers   'cache-control': 'max-age=0',
58 verbose headers   'content-length': '2',
58 verbose headers   'accept-ranges': 'bytes',
58 verbose headers   date: 'Fri, 30 Sep 2016 23:09:53 GMT',
58 verbose headers   via: '1.1 varnish',
58 verbose headers   age: '0',
58 verbose headers   connection: 'keep-alive',
58 verbose headers   'x-served-by': 'cache-lhr6330-LHR',
58 verbose headers   'x-cache': 'MISS',
58 verbose headers   'x-cache-hits': '0',
58 verbose headers   'x-timer': 'S1475276992.870717,VS0,VE353',
58 verbose headers   vary: 'Accept-Encoding' }
59 silly get cb [ 404,
59 silly get   { 'content-type': 'application/json',
59 silly get     'cache-control': 'max-age=0',
59 silly get     'content-length': '2',
59 silly get     'accept-ranges': 'bytes',
59 silly get     date: 'Fri, 30 Sep 2016 23:09:53 GMT',
59 silly get     via: '1.1 varnish',
59 silly get     age: '0',
59 silly get     connection: 'keep-alive',
59 silly get     'x-served-by': 'cache-lhr6330-LHR',
59 silly get     'x-cache': 'MISS',
59 silly get     'x-cache-hits': '0',
59 silly get     'x-timer': 'S1475276992.870717,VS0,VE353',
59 silly get     vary: 'Accept-Encoding' } ]
60 silly fetchPackageMetaData Error: Registry returned 404 for GET on https://registry.npmjs.org/ldap-auth
60 silly fetchPackageMetaData     at makeError (/home/gefeo/local/lib/node_modules/npm/node_modules/npm-registry-client/lib/request.js:264:12)
60 silly fetchPackageMetaData     at CachingRegistryClient.<anonymous> (/home/gefeo/local/lib/node_modules/npm/node_modules/npm-registry-client/lib/request.js:242:14)
60 silly fetchPackageMetaData     at Request._callback (/home/gefeo/local/lib/node_modules/npm/node_modules/npm-registry-client/lib/request.js:172:14)
60 silly fetchPackageMetaData     at Request.self.callback (/home/gefeo/local/lib/node_modules/npm/node_modules/request/request.js:200:22)
60 silly fetchPackageMetaData     at emitTwo (events.js:106:13)
60 silly fetchPackageMetaData     at Request.emit (events.js:191:7)
60 silly fetchPackageMetaData     at Request.<anonymous> (/home/gefeo/local/lib/node_modules/npm/node_modules/request/request.js:1067:10)
60 silly fetchPackageMetaData     at emitOne (events.js:101:20)
60 silly fetchPackageMetaData     at Request.emit (events.js:188:7)
60 silly fetchPackageMetaData     at IncomingMessage.<anonymous> (/home/gefeo/local/lib/node_modules/npm/node_modules/request/request.js:988:12)
60 silly fetchPackageMetaData  error for ldap-auth { Error: Registry returned 404 for GET on https://registry.npmjs.org/ldap-auth
60 silly fetchPackageMetaData     at makeError (/home/gefeo/local/lib/node_modules/npm/node_modules/npm-registry-client/lib/request.js:264:12)
60 silly fetchPackageMetaData     at CachingRegistryClient.<anonymous> (/home/gefeo/local/lib/node_modules/npm/node_modules/npm-registry-client/lib/request.js:242:14)
60 silly fetchPackageMetaData     at Request._callback (/home/gefeo/local/lib/node_modules/npm/node_modules/npm-registry-client/lib/request.js:172:14)
60 silly fetchPackageMetaData     at Request.self.callback (/home/gefeo/local/lib/node_modules/npm/node_modules/request/request.js:200:22)
60 silly fetchPackageMetaData     at emitTwo (events.js:106:13)
60 silly fetchPackageMetaData     at Request.emit (events.js:191:7)
60 silly fetchPackageMetaData     at Request.<anonymous> (/home/gefeo/local/lib/node_modules/npm/node_modules/request/request.js:1067:10)
60 silly fetchPackageMetaData     at emitOne (events.js:101:20)
60 silly fetchPackageMetaData     at Request.emit (events.js:188:7)
60 silly fetchPackageMetaData     at IncomingMessage.<anonymous> (/home/gefeo/local/lib/node_modules/npm/node_modules/request/request.js:988:12) pkgid: 'ldap-auth', statusCode: 404, code: 'E404' }
61 http 404 https://registry.npmjs.org/sql-serv
62 verbose headers { 'content-type': 'application/json',
62 verbose headers   'cache-control': 'max-age=0',
62 verbose headers   'content-length': '2',
62 verbose headers   'accept-ranges': 'bytes',
62 verbose headers   date: 'Fri, 30 Sep 2016 23:09:53 GMT',
62 verbose headers   via: '1.1 varnish',
62 verbose headers   age: '0',
62 verbose headers   connection: 'keep-alive',
62 verbose headers   'x-served-by': 'cache-lcy1132-LCY',
62 verbose headers   'x-cache': 'MISS',
62 verbose headers   'x-cache-hits': '0',
62 verbose headers   'x-timer': 'S1475276992.879927,VS0,VE353',
62 verbose headers   vary: 'Accept-Encoding' }
63 silly get cb [ 404,
63 silly get   { 'content-type': 'application/json',
63 silly get     'cache-control': 'max-age=0',
63 silly get     'content-length': '2',
63 silly get     'accept-ranges': 'bytes',
63 silly get     date: 'Fri, 30 Sep 2016 23:09:53 GMT',
63 silly get     via: '1.1 varnish',
63 silly get     age: '0',
63 silly get     connection: 'keep-alive',
63 silly get     'x-served-by': 'cache-lcy1132-LCY',
63 silly get     'x-cache': 'MISS',
63 silly get     'x-cache-hits': '0',
63 silly get     'x-timer': 'S1475276992.879927,VS0,VE353',
63 silly get     vary: 'Accept-Encoding' } ]
64 silly fetchPackageMetaData Error: Registry returned 404 for GET on https://registry.npmjs.org/sql-serv
64 silly fetchPackageMetaData     at makeError (/home/gefeo/local/lib/node_modules/npm/node_modules/npm-registry-client/lib/request.js:264:12)
64 silly fetchPackageMetaData     at CachingRegistryClient.<anonymous> (/home/gefeo/local/lib/node_modules/npm/node_modules/npm-registry-client/lib/request.js:242:14)
64 silly fetchPackageMetaData     at Request._callback (/home/gefeo/local/lib/node_modules/npm/node_modules/npm-registry-client/lib/request.js:172:14)
64 silly fetchPackageMetaData     at Request.self.callback (/home/gefeo/local/lib/node_modules/npm/node_modules/request/request.js:200:22)
64 silly fetchPackageMetaData     at emitTwo (events.js:106:13)
64 silly fetchPackageMetaData     at Request.emit (events.js:191:7)
64 silly fetchPackageMetaData     at Request.<anonymous> (/home/gefeo/local/lib/node_modules/npm/node_modules/request/request.js:1067:10)
64 silly fetchPackageMetaData     at emitOne (events.js:101:20)
64 silly fetchPackageMetaData     at Request.emit (events.js:188:7)
64 silly fetchPackageMetaData     at IncomingMessage.<anonymous> (/home/gefeo/local/lib/node_modules/npm/node_modules/request/request.js:988:12)
64 silly fetchPackageMetaData  error for sql-serv { Error: Registry returned 404 for GET on https://registry.npmjs.org/sql-serv
64 silly fetchPackageMetaData     at makeError (/home/gefeo/local/lib/node_modules/npm/node_modules/npm-registry-client/lib/request.js:264:12)
64 silly fetchPackageMetaData     at CachingRegistryClient.<anonymous> (/home/gefeo/local/lib/node_modules/npm/node_modules/npm-registry-client/lib/request.js:242:14)
64 silly fetchPackageMetaData     at Request._callback (/home/gefeo/local/lib/node_modules/npm/node_modules/npm-registry-client/lib/request.js:172:14)
64 silly fetchPackageMetaData     at Request.self.callback (/home/gefeo/local/lib/node_modules/npm/node_modules/request/request.js:200:22)
64 silly fetchPackageMetaData     at emitTwo (events.js:106:13)
64 silly fetchPackageMetaData     at Request.emit (events.js:191:7)
64 silly fetchPackageMetaData     at Request.<anonymous> (/home/gefeo/local/lib/node_modules/npm/node_modules/request/request.js:1067:10)
64 silly fetchPackageMetaData     at emitOne (events.js:101:20)
64 silly fetchPackageMetaData     at Request.emit (events.js:188:7)
64 silly fetchPackageMetaData     at IncomingMessage.<anonymous> (/home/gefeo/local/lib/node_modules/npm/node_modules/request/request.js:988:12) pkgid: 'sql-serv', statusCode: 404, code: 'E404' }
65 http 404 https://registry.npmjs.org/app-serv
66 verbose headers { 'content-type': 'application/json',
66 verbose headers   'cache-control': 'max-age=0',
66 verbose headers   'content-length': '2',
66 verbose headers   'accept-ranges': 'bytes',
66 verbose headers   date: 'Fri, 30 Sep 2016 23:09:53 GMT',
66 verbose headers   via: '1.1 varnish',
66 verbose headers   age: '0',
66 verbose headers   connection: 'keep-alive',
66 verbose headers   'x-served-by': 'cache-lhr6324-LHR',
66 verbose headers   'x-cache': 'MISS',
66 verbose headers   'x-cache-hits': '0',
66 verbose headers   'x-timer': 'S1475276992.872658,VS0,VE699',
66 verbose headers   vary: 'Accept-Encoding' }
67 silly get cb [ 404,
67 silly get   { 'content-type': 'application/json',
67 silly get     'cache-control': 'max-age=0',
67 silly get     'content-length': '2',
67 silly get     'accept-ranges': 'bytes',
67 silly get     date: 'Fri, 30 Sep 2016 23:09:53 GMT',
67 silly get     via: '1.1 varnish',
67 silly get     age: '0',
67 silly get     connection: 'keep-alive',
67 silly get     'x-served-by': 'cache-lhr6324-LHR',
67 silly get     'x-cache': 'MISS',
67 silly get     'x-cache-hits': '0',
67 silly get     'x-timer': 'S1475276992.872658,VS0,VE699',
67 silly get     vary: 'Accept-Encoding' } ]
68 silly fetchPackageMetaData Error: Registry returned 404 for GET on https://registry.npmjs.org/app-serv
68 silly fetchPackageMetaData     at makeError (/home/gefeo/local/lib/node_modules/npm/node_modules/npm-registry-client/lib/request.js:264:12)
68 silly fetchPackageMetaData     at CachingRegistryClient.<anonymous> (/home/gefeo/local/lib/node_modules/npm/node_modules/npm-registry-client/lib/request.js:242:14)
68 silly fetchPackageMetaData     at Request._callback (/home/gefeo/local/lib/node_modules/npm/node_modules/npm-registry-client/lib/request.js:172:14)
68 silly fetchPackageMetaData     at Request.self.callback (/home/gefeo/local/lib/node_modules/npm/node_modules/request/request.js:200:22)
68 silly fetchPackageMetaData     at emitTwo (events.js:106:13)
68 silly fetchPackageMetaData     at Request.emit (events.js:191:7)
68 silly fetchPackageMetaData     at Request.<anonymous> (/home/gefeo/local/lib/node_modules/npm/node_modules/request/request.js:1067:10)
68 silly fetchPackageMetaData     at emitOne (events.js:101:20)
68 silly fetchPackageMetaData     at Request.emit (events.js:188:7)
68 silly fetchPackageMetaData     at IncomingMessage.<anonymous> (/home/gefeo/local/lib/node_modules/npm/node_modules/request/request.js:988:12)
68 silly fetchPackageMetaData  error for app-serv { Error: Registry returned 404 for GET on https://registry.npmjs.org/app-serv
68 silly fetchPackageMetaData     at makeError (/home/gefeo/local/lib/node_modules/npm/node_modules/npm-registry-client/lib/request.js:264:12)
68 silly fetchPackageMetaData     at CachingRegistryClient.<anonymous> (/home/gefeo/local/lib/node_modules/npm/node_modules/npm-registry-client/lib/request.js:242:14)
68 silly fetchPackageMetaData     at Request._callback (/home/gefeo/local/lib/node_modules/npm/node_modules/npm-registry-client/lib/request.js:172:14)
68 silly fetchPackageMetaData     at Request.self.callback (/home/gefeo/local/lib/node_modules/npm/node_modules/request/request.js:200:22)
68 silly fetchPackageMetaData     at emitTwo (events.js:106:13)
68 silly fetchPackageMetaData     at Request.emit (events.js:191:7)
68 silly fetchPackageMetaData     at Request.<anonymous> (/home/gefeo/local/lib/node_modules/npm/node_modules/request/request.js:1067:10)
68 silly fetchPackageMetaData     at emitOne (events.js:101:20)
68 silly fetchPackageMetaData     at Request.emit (events.js:188:7)
68 silly fetchPackageMetaData     at IncomingMessage.<anonymous> (/home/gefeo/local/lib/node_modules/npm/node_modules/request/request.js:988:12) pkgid: 'app-serv', statusCode: 404, code: 'E404' }
69 silly rollbackFailedOptional Starting
70 silly rollbackFailedOptional Finishing
71 silly runTopLevelLifecycles Starting
72 silly runTopLevelLifecycles Finishing
73 silly install printInstalled
74 verbose stack Error: Registry returned 404 for GET on https://registry.npmjs.org/ldap-auth
74 verbose stack     at makeError (/home/gefeo/local/lib/node_modules/npm/node_modules/npm-registry-client/lib/request.js:264:12)
74 verbose stack     at CachingRegistryClient.<anonymous> (/home/gefeo/local/lib/node_modules/npm/node_modules/npm-registry-client/lib/request.js:242:14)
74 verbose stack     at Request._callback (/home/gefeo/local/lib/node_modules/npm/node_modules/npm-registry-client/lib/request.js:172:14)
74 verbose stack     at Request.self.callback (/home/gefeo/local/lib/node_modules/npm/node_modules/request/request.js:200:22)
74 verbose stack     at emitTwo (events.js:106:13)
74 verbose stack     at Request.emit (events.js:191:7)
74 verbose stack     at Request.<anonymous> (/home/gefeo/local/lib/node_modules/npm/node_modules/request/request.js:1067:10)
74 verbose stack     at emitOne (events.js:101:20)
74 verbose stack     at Request.emit (events.js:188:7)
74 verbose stack     at IncomingMessage.<anonymous> (/home/gefeo/local/lib/node_modules/npm/node_modules/request/request.js:988:12)
75 verbose statusCode 404
76 verbose pkgid ldap-auth
77 verbose cwd /home/gefeo/0_START/official-innov24/apps/server
78 error Linux 3.16.0-4-amd64
79 error argv "/home/gefeo/local/bin/node" "/home/gefeo/local/bin/npm" "install" "app-serv" "ldap-auth" "ng-simple-webrtc" "sql-serv"
80 error node v6.6.0
81 error npm  v3.10.3
82 error code E404
83 error 404 Registry returned 404 for GET on https://registry.npmjs.org/ldap-auth
84 error 404
85 error 404 'ldap-auth' is not in the npm registry.
86 error 404 You should bug the author to publish it (or use the name yourself!)
87 error 404 Note that you can also install from a
88 error 404 tarball, folder, http url, or git url.
89 verbose exit [ 1, true ]
